2012-04-18 17:07:19,040 [platform] ERROR main com.paypal.sdk.core.APICallerBase - Unable to parse the PayPal endpoints file
java.lang.ClassNotFoundException: org.apache.xerces.parsers.SAXParser
	at org.xml.sax.helpers.XMLReaderFactory.loadClass(XMLReaderFactory.java:189)
	at org.xml.sax.helpers.XMLReaderFactory.createXMLReader(XMLReaderFactory.java:180)
	at com.paypal.sdk.core.APICallerBase.setupHandler(APICallerBase.java:84)
	at com.paypal.sdk.core.APICallerBase.readEndpoints(APICallerBase.java:98)
	at com.paypal.sdk.core.nvp.NVPAPICaller.<clinit>(NVPAPICaller.java:88)
	at com.paypal.sdk.services.NVPCallerServices.<init>(NVPCallerServices.java:26)
	at com.kt.kiosk.paypal.test.TestDoDirectPayment.testLogin(TestDoDirectPayment.java:31)
	at sun.reflect.NativeMethodAccessorImpl.invoke0(Native Method)
	at sun.reflect.NativeMethodAccessorImpl.invoke(NativeMethodAccessorImpl.java:39)
	at sun.reflect.DelegatingMethodAccessorImpl.invoke(DelegatingMethodAccessorImpl.java:25)
	at java.lang.reflect.Method.invoke(Method.java:597)
	at junit.framework.TestCase.runTest(TestCase.java:168)
	at junit.framework.TestCase.runBare(TestCase.java:134)
	at junit.framework.TestResult$1.protect(TestResult.java:110)
	at junit.framework.TestResult.runProtected(TestResult.java:128)
	at junit.framework.TestResult.run(TestResult.java:113)
	at junit.framework.TestCase.run(TestCase.java:124)
	at junit.framework.TestSuite.runTest(TestSuite.java:232)
	at junit.framework.TestSuite.run(TestSuite.java:227)
	at org.junit.internal.runners.JUnit38ClassRunner.run(JUnit38ClassRunner.java:79)
	at org.eclipse.jdt.internal.junit4.runner.JUnit4TestReference.run(JUnit4TestReference.java:46)
	at org.eclipse.jdt.internal.junit.runner.TestExecution.run(TestExecution.java:38)
	at org.eclipse.jdt.internal.junit.runner.RemoteTestRunner.runTests(RemoteTestRunner.java:467)
	at org.eclipse.jdt.internal.junit.runner.RemoteTestRunner.runTests(RemoteTestRunner.java:683)
	at org.eclipse.jdt.internal.junit.runner.RemoteTestRunner.run(RemoteTestRunner.java:390)
	at org.eclipse.jdt.internal.junit.runner.RemoteTestRunner.main(RemoteTestRunner.java:197)
2012-04-18 17:07:19,040 [platform] WARN main com.paypal.sdk.core.APICallerBase - The endpoint URL list is empty!
2012-04-18 17:10:26,765 [platform] ERROR main com.paypal.sdk.core.APICallerBase - Unable to parse the PayPal endpoints file
java.lang.ClassNotFoundException: org.apache.xerces.parsers.SAXParser
	at org.xml.sax.helpers.XMLReaderFactory.loadClass(XMLReaderFactory.java:189)
	at org.xml.sax.helpers.XMLReaderFactory.createXMLReader(XMLReaderFactory.java:180)
	at com.paypal.sdk.core.APICallerBase.setupHandler(APICallerBase.java:84)
	at com.paypal.sdk.core.APICallerBase.readEndpoints(APICallerBase.java:98)
	at com.paypal.sdk.core.nvp.NVPAPICaller.<clinit>(NVPAPICaller.java:88)
	at com.paypal.sdk.services.NVPCallerServices.<init>(NVPCallerServices.java:26)
	at com.kt.kiosk.paypal.test.TestDoDirectPayment.testLogin(TestDoDirectPayment.java:31)
	at sun.reflect.NativeMethodAccessorImpl.invoke0(Native Method)
	at sun.reflect.NativeMethodAccessorImpl.invoke(NativeMethodAccessorImpl.java:39)
	at sun.reflect.DelegatingMethodAccessorImpl.invoke(DelegatingMethodAccessorImpl.java:25)
	at java.lang.reflect.Method.invoke(Method.java:597)
	at junit.framework.TestCase.runTest(TestCase.java:168)
	at junit.framework.TestCase.runBare(TestCase.java:134)
	at junit.framework.TestResult$1.protect(TestResult.java:110)
	at junit.framework.TestResult.runProtected(TestResult.java:128)
	at junit.framework.TestResult.run(TestResult.java:113)
	at junit.framework.TestCase.run(TestCase.java:124)
	at junit.framework.TestSuite.runTest(TestSuite.java:232)
	at junit.framework.TestSuite.run(TestSuite.java:227)
	at org.junit.internal.runners.JUnit38ClassRunner.run(JUnit38ClassRunner.java:79)
	at org.eclipse.jdt.internal.junit4.runner.JUnit4TestReference.run(JUnit4TestReference.java:46)
	at org.eclipse.jdt.internal.junit.runner.TestExecution.run(TestExecution.java:38)
	at org.eclipse.jdt.internal.junit.runner.RemoteTestRunner.runTests(RemoteTestRunner.java:467)
	at org.eclipse.jdt.internal.junit.runner.RemoteTestRunner.runTests(RemoteTestRunner.java:683)
	at org.eclipse.jdt.internal.junit.runner.RemoteTestRunner.run(RemoteTestRunner.java:390)
	at org.eclipse.jdt.internal.junit.runner.RemoteTestRunner.main(RemoteTestRunner.java:197)
2012-04-18 17:10:26,765 [platform] WARN main com.paypal.sdk.core.APICallerBase - The endpoint URL list is empty!
2012-04-19 13:44:03,642 [platform] ERROR main com.kt.kiosk.util.ConfigFileUtil - \WEB-INF\classes\init_accounting.properties (系统找不到指定的路径。)
2012-04-19 13:45:13,734 [platform] ERROR main com.kt.kiosk.util.ConfigFileUtil - \WEB-INF\classes\init_accounting.properties (系统找不到指定的路径。)
